<?xml version="1.0" encoding="UTF-8"?>
<!-- Generated by org.testng.reporters.JUnitReportReporter -->
<testsuite hostname="LAPTOP-8LQ1C4T7" failures="0" tests="1" name="_Automation.Spotify.spotify" time="3.170" errors="0" timestamp="2022-10-07T21:03:39 IST" skipped="0">
  <testcase classname="_Automation.Spotify.spotify" name="get_Request_Get_Show_Episodes" time="3.170"/>
  <system-out/>
</testsuite> <!-- _Automation.Spotify.spotify -->
