<?xml version="1.0" encoding="UTF-8"?>
<!-- Generated by org.testng.reporters.JUnitReportReporter -->
<testsuite hostname="LAPTOP-8LQ1C4T7" failures="0" tests="1" name="_Automation.Spotify.spotify" time="4.145" errors="0" timestamp="2022-10-09T20:49:03 IST" skipped="0">
  <testcase classname="_Automation.Spotify.spotify" name="PetStore_Upload_Image" time="4.145"/>
  <system-out/>
</testsuite> <!-- _Automation.Spotify.spotify -->
